<?xml version="1.0" encoding="UTF-8"?>
<!-- Generated by org.testng.reporters.JUnitReportReporter -->
<testsuite hostname="DESKTOP-991AD8I" failures="0" tests="1" name="TestNG.Test2" time="0.001" errors="0" timestamp="2022-10-17T21:57:12 IST" skipped="0">
  <testcase classname="TestNG.Test2" name="TC3" time="0.001"/>
  <system-out>
    <![CDATA[Running TC3]]>
  </system-out>
</testsuite> <!-- TestNG.Test2 -->
