<?xml version="1.0" encoding="UTF-8"?>
<!-- Generated by org.testng.reporters.JUnitReportReporter -->
<testsuite hostname="DESKTOP-991AD8I" failures="0" tests="2" name="TestNG.Keyword7" time="0.024" errors="0" timestamp="2022-10-16T21:15:09 IST" skipped="0">
  <testcase classname="TestNG.Keyword7" name="TC1" time="0.022"/>
  <system-out>
    <![CDATA[Running TC1]]>
  </system-out>
  <testcase classname="TestNG.Keyword7" name="TC2" time="0.002"/>
  <system-out>
    <![CDATA[Running TC2]]>
  </system-out>
</testsuite> <!-- TestNG.Keyword7 -->
