<?xml version="1.0" encoding="UTF-8"?>
<!-- Generated by org.testng.reporters.JUnitReportReporter -->
<testsuite hostname="DESKTOP-991AD8I" failures="0" tests="4" name="TestNG.Emailed_Report" time="0.024" errors="0" timestamp="2022-10-16T20:37:54 IST" skipped="0">
  <testcase classname="TestNG.Emailed_Report" name="TC3" time="0.003"/>
  <system-out>
    <![CDATA[Running TC3]]>
  </system-out>
  <testcase classname="TestNG.Emailed_Report" name="TC4" time="0.004"/>
  <system-out>
    <![CDATA[Running TC4]]>
  </system-out>
  <testcase classname="TestNG.Emailed_Report" name="TC1" time="0.014"/>
  <system-out>
    <![CDATA[Runninf TC1]]>
  </system-out>
  <testcase classname="TestNG.Emailed_Report" name="TC2" time="0.003"/>
  <system-out>
    <![CDATA[Running TC2]]>
  </system-out>
</testsuite> <!-- TestNG.Emailed_Report -->
