<?xml version="1.0" encoding="UTF-8"?>
<!-- Generated by org.testng.reporters.JUnitReportReporter -->
<testsuite hostname="DESKTOP-991AD8I" failures="0" tests="2" name="TestNG.Keyword2" time="0.018" errors="0" timestamp="2022-10-16T20:55:16 IST" skipped="0">
  <testcase classname="TestNG.Keyword2" name="TC2" time="0.015"/>
  <system-out>
    <![CDATA[Running TC2]]>
  </system-out>
  <testcase classname="TestNG.Keyword2" name="TC1" time="0.003"/>
  <system-out>
    <![CDATA[Running TC1]]>
  </system-out>
</testsuite> <!-- TestNG.Keyword2 -->
