<?xml version="1.0" encoding="UTF-8"?>
<!-- Generated by org.testng.reporters.JUnitReportReporter -->
<testsuite hostname="DESKTOP-991AD8I" failures="0" tests="5" name="TestNG.Keyword1" time="0.035" errors="0" timestamp="2022-10-16T20:48:23 IST" skipped="0">
  <testcase classname="TestNG.Keyword1" name="TC1" time="0.015"/>
  <system-out>
    <![CDATA[Running TC1]]>
  </system-out>
  <testcase classname="TestNG.Keyword1" name="TC1" time="0.003"/>
  <system-out>
    <![CDATA[Running TC1]]>
  </system-out>
  <testcase classname="TestNG.Keyword1" name="TC1" time="0.003"/>
  <system-out>
    <![CDATA[Running TC1]]>
  </system-out>
  <testcase classname="TestNG.Keyword1" name="TC1" time="0.006"/>
  <system-out>
    <![CDATA[Running TC1]]>
  </system-out>
  <testcase classname="TestNG.Keyword1" name="TC1" time="0.008"/>
  <system-out>
    <![CDATA[Running TC1]]>
  </system-out>
</testsuite> <!-- TestNG.Keyword1 -->
