<?xml version="1.0" encoding="UTF-8"?>
<!-- Generated by org.testng.reporters.JUnitReportReporter -->
<testsuite hostname="DESKTOP-991AD8I" failures="0" tests="3" name="TestNG.Keyword3" time="0.021" errors="0" timestamp="2022-10-16T21:04:55 IST" skipped="0">
  <testcase classname="TestNG.Keyword3" name="TC3" time="0.015"/>
  <system-out>
    <![CDATA[Running TC3]]>
  </system-out>
  <testcase classname="TestNG.Keyword3" name="TC2" time="0.003"/>
  <system-out>
    <![CDATA[Running TC2]]>
  </system-out>
  <testcase classname="TestNG.Keyword3" name="TC1" time="0.003"/>
  <system-out>
    <![CDATA[Running TC1]]>
  </system-out>
</testsuite> <!-- TestNG.Keyword3 -->
