<?xml version="1.0" encoding="UTF-8"?>
<!-- Generated by org.testng.reporters.JUnitReportReporter -->
<testsuite hostname="DESKTOP-991AD8I" failures="0" tests="2" name="TestNG.Annotation2" time="0.015" errors="0" timestamp="2022-10-17T21:32:05 IST" skipped="0">
  <testcase classname="TestNG.Annotation2" name="TC1" time="0.009"/>
  <system-out>
    <![CDATA[Running TC1]]>
  </system-out>
  <testcase classname="TestNG.Annotation2" name="TC2" time="0.006"/>
  <system-out>
    <![CDATA[Running TC2]]>
  </system-out>
</testsuite> <!-- TestNG.Annotation2 -->
