<?xml version="1.0" encoding="UTF-8"?>
<!-- Generated by org.testng.reporters.JUnitReportReporter -->
<testsuite hostname="DESKTOP-991AD8I" failures="0" tests="1" name="TestNG.TestNG_Class" time="25.318" errors="0" timestamp="2022-10-16T20:28:54 IST" skipped="0">
  <testcase classname="TestNG.TestNG_Class" name="TC1" time="25.318"/>
  <system-out/>
</testsuite> <!-- TestNG.TestNG_Class -->
