<?xml version="1.0" encoding="UTF-8"?>
<!-- Generated by org.testng.reporters.JUnitReportReporter -->
<testsuite hostname="DESKTOP-991AD8I" failures="0" tests="1" name="TestNG.Annotation1" time="0.014" errors="0" timestamp="2022-10-17T21:20:21 IST" skipped="0">
  <testcase classname="TestNG.Annotation1" name="TC1" time="0.014"/>
  <system-out>
    <![CDATA[Running TC1]]>
  </system-out>
</testsuite> <!-- TestNG.Annotation1 -->
